# JRE version: Java(TM) SE Runtime Environment (8.0_102-b14) (build 1.8.0_102-b14)
# Java VM: Java HotSpot(TM) 64-Bit Server VM (25.102-b14 mixed mode windows-amd64 compressed oops)
Heap:
 PSYoungGen      total 71680K, used 33747K [0x00000000d5b80000, 0x00000000dca80000, 0x0000000100000000)
  eden space 58880K, 57% used [0x00000000d5b80000,0x00000000d7c74ec0,0x00000000d9500000)
  from space 12800K, 0% used [0x00000000d9500000,0x00000000d9500000,0x00000000da180000)
  to   space 11776K, 0% used [0x00000000dbf00000,0x00000000dbf00000,0x00000000dca80000)
 ParOldGen       total 98816K, used 20002K [0x0000000081200000, 0x0000000087280000, 0x00000000d5b80000)
  object space 98816K, 20% used [0x0000000081200000,0x0000000082588b80,0x0000000087280000)
 Metaspace       used 35764K, capacity 37462K, committed 37592K, reserved 1081344K
  class space    used 4576K, capacity 4883K, committed 4992K, reserved 1048576K
GC Heap History (10 events):
Event: 2.400 GC heap before
{Heap before GC invocations=5 (full 1):
 PSYoungGen      total 71680K, used 5113K [0x00000000d5b80000, 0x00000000da680000, 0x0000000100000000)
  eden space 66560K, 0% used [0x00000000d5b80000,0x00000000d5b80000,0x00000000d9c80000)
  from space 5120K, 99% used [0x00000000da180000,0x00000000da67e4d8,0x00000000da680000)
  to   space 5120K, 0% used [0x00000000d9c80000,0x00000000d9c80000,0x00000000da180000)
 ParOldGen       total 87552K, used 5956K [0x0000000081200000, 0x0000000086780000, 0x00000000d5b80000)
  object space 87552K, 6% used [0x0000000081200000,0x00000000817d12b0,0x0000000086780000)
 Metaspace       used 20651K, capacity 21138K, committed 21248K, reserved 1067008K
  class space    used 2661K, capacity 2806K, committed 2816K, reserved 1048576K
Event: 2.447 GC heap after
Heap after GC invocations=5 (full 1):
 PSYoungGen      total 71680K, used 0K [0x00000000d5b80000, 0x00000000da680000, 0x0000000100000000)
  eden space 66560K, 0% used [0x00000000d5b80000,0x00000000d5b80000,0x00000000d9c80000)
  from space 5120K, 0% used [0x00000000da180000,0x00000000da180000,0x00000000da680000)
  to   space 5120K, 0% used [0x00000000d9c80000,0x00000000d9c80000,0x00000000da180000)
 ParOldGen       total 56832K, used 5707K [0x0000000081200000, 0x0000000084980000, 0x00000000d5b80000)
  object space 56832K, 10% used [0x0000000081200000,0x0000000081792ec0,0x0000000084980000)
 Metaspace       used 20649K, capacity 21132K, committed 21248K, reserved 1067008K
  class space    used 2660K, capacity 2805K, committed 2816K, reserved 1048576K
}
Event: 4.220 GC heap before
{Heap before GC invocations=6 (full 1):
 PSYoungGen      total 71680K, used 66560K [0x00000000d5b80000, 0x00000000da680000, 0x0000000100000000)
  eden space 66560K, 100% used [0x00000000d5b80000,0x00000000d9c80000,0x00000000d9c80000)
  from space 5120K, 0% used [0x00000000da180000,0x00000000da180000,0x00000000da680000)
  to   space 5120K, 0% used [0x00000000d9c80000,0x00000000d9c80000,0x00000000da180000)
 ParOldGen       total 56832K, used 5707K [0x0000000081200000, 0x0000000084980000, 0x00000000d5b80000)
  object space 56832K, 10% used [0x0000000081200000,0x0000000081792ec0,0x0000000084980000)
 Metaspace       used 25873K, capacity 26690K, committed 26880K, reserved 1073152K
  class space    used 3300K, capacity 3486K, committed 3584K, reserved 1048576K
Event: 4.233 GC heap after
Heap after GC invocations=6 (full 1):
 PSYoungGen      total 71680K, used 5093K [0x00000000d5b80000, 0x00000000da680000, 0x0000000100000000)
  eden space 66560K, 0% used [0x00000000d5b80000,0x00000000d5b80000,0x00000000d9c80000)
  from space 5120K, 99% used [0x00000000d9c80000,0x00000000da1794e0,0x00000000da180000)
  to   space 5120K, 0% used [0x00000000da180000,0x00000000da180000,0x00000000da680000)
 ParOldGen       total 56832K, used 7686K [0x0000000081200000, 0x0000000084980000, 0x00000000d5b80000)
  object space 56832K, 13% used [0x0000000081200000,0x0000000081981880,0x0000000084980000)
 Metaspace       used 25873K, capacity 26690K, committed 26880K, reserved 1073152K
  class space    used 3300K, capacity 3486K, committed 3584K, reserved 1048576K
}
Event: 6.068 GC heap before
{Heap before GC invocations=7 (full 1):
 PSYoungGen      total 71680K, used 71653K [0x00000000d5b80000, 0x00000000da680000, 0x0000000100000000)
  eden space 66560K, 100% used [0x00000000d5b80000,0x00000000d9c80000,0x00000000d9c80000)
  from space 5120K, 99% used [0x00000000d9c80000,0x00000000da1794e0,0x00000000da180000)
  to   space 5120K, 0% used [0x00000000da180000,0x00000000da180000,0x00000000da680000)
 ParOldGen       total 56832K, used 7686K [0x0000000081200000, 0x0000000084980000, 0x00000000d5b80000)
  object space 56832K, 13% used [0x0000000081200000,0x0000000081981880,0x0000000084980000)
 Metaspace       used 32114K, capacity 33508K, committed 33664K, reserved 1079296K
  class space    used 4124K, capacity 4384K, committed 4480K, reserved 1048576K
Event: 6.081 GC heap after
Heap after GC invocations=7 (full 1):
 PSYoungGen      total 64000K, used 5088K [0x00000000d5b80000, 0x00000000dd600000, 0x0000000100000000)
  eden space 58880K, 0% used [0x00000000d5b80000,0x00000000d5b80000,0x00000000d9500000)
  from space 5120K, 99% used [0x00000000da180000,0x00000000da678020,0x00000000da680000)
  to   space 12800K, 0% used [0x00000000d9500000,0x00000000d9500000,0x00000000da180000)
 ParOldGen       total 56832K, used 16128K [0x0000000081200000, 0x0000000084980000, 0x00000000d5b80000)
  object space 56832K, 28% used [0x0000000081200000,0x00000000821c02c0,0x0000000084980000)
 Metaspace       used 32114K, capacity 33508K, committed 33664K, reserved 1079296K
  class space    used 4124K, capacity 4384K, committed 4480K, reserved 1048576K
}
Event: 6.518 GC heap before
{Heap before GC invocations=8 (full 1):
 PSYoungGen      total 64000K, used 27163K [0x00000000d5b80000, 0x00000000dd600000, 0x0000000100000000)
  eden space 58880K, 37% used [0x00000000d5b80000,0x00000000d710ed80,0x00000000d9500000)
  from space 5120K, 99% used [0x00000000da180000,0x00000000da678020,0x00000000da680000)
  to   space 12800K, 0% used [0x00000000d9500000,0x00000000d9500000,0x00000000da180000)
 ParOldGen       total 56832K, used 16128K [0x0000000081200000, 0x0000000084980000, 0x00000000d5b80000)
  object space 56832K, 28% used [0x0000000081200000,0x00000000821c02c0,0x0000000084980000)
 Metaspace       used 33854K, capacity 35338K, committed 35416K, reserved 1081344K
  class space    used 4311K, capacity 4595K, committed 4608K, reserved 1048576K
Event: 6.531 GC heap after
Heap after GC invocations=8 (full 1):
 PSYoungGen      total 71680K, used 7748K [0x00000000d5b80000, 0x00000000dca80000, 0x0000000100000000)
  eden space 58880K, 0% used [0x00000000d5b80000,0x00000000d5b80000,0x00000000d9500000)
  from space 12800K, 60% used [0x00000000d9500000,0x00000000d9c91140,0x00000000da180000)
  to   space 11776K, 0% used [0x00000000dbf00000,0x00000000dbf00000,0x00000000dca80000)
 ParOldGen       total 56832K, used 16136K [0x0000000081200000, 0x0000000084980000, 0x00000000d5b80000)
  object space 56832K, 28% used [0x0000000081200000,0x00000000821c22c0,0x0000000084980000)
 Metaspace       used 33854K, capacity 35338K, committed 35416K, reserved 1081344K
  class space    used 4311K, capacity 4595K, committed 4608K, reserved 1048576K
}
Event: 6.531 GC heap before
{Heap before GC invocations=9 (full 2):
 PSYoungGen      total 71680K, used 7748K [0x00000000d5b80000, 0x00000000dca80000, 0x0000000100000000)
  eden space 58880K, 0% used [0x00000000d5b80000,0x00000000d5b80000,0x00000000d9500000)
  from space 12800K, 60% used [0x00000000d9500000,0x00000000d9c91140,0x00000000da180000)
  to   space 11776K, 0% used [0x00000000dbf00000,0x00000000dbf00000,0x00000000dca80000)
 ParOldGen       total 56832K, used 16136K [0x0000000081200000, 0x0000000084980000, 0x00000000d5b80000)
  object space 56832K, 28% used [0x0000000081200000,0x00000000821c22c0,0x0000000084980000)
 Metaspace       used 33854K, capacity 35338K, committed 35416K, reserved 1081344K
  class space    used 4311K, capacity 4595K, committed 4608K, reserved 1048576K
Event: 6.632 GC heap after
Heap after GC invocations=9 (full 2):
 PSYoungGen      total 71680K, used 0K [0x00000000d5b80000, 0x00000000dca80000, 0x0000000100000000)
  eden space 58880K, 0% used [0x00000000d5b80000,0x00000000d5b80000,0x00000000d9500000)
  from space 12800K, 0% used [0x00000000d9500000,0x00000000d9500000,0x00000000da180000)
  to   space 11776K, 0% used [0x00000000dbf00000,0x00000000dbf00000,0x00000000dca80000)
 ParOldGen       total 98816K, used 20002K [0x0000000081200000, 0x0000000087280000, 0x00000000d5b80000)
  object space 98816K, 20% used [0x0000000081200000,0x0000000082588b80,0x0000000087280000)
 Metaspace       used 33854K, capacity 35338K, committed 35416K, reserved 1081344K
  class space    used 4311K, capacity 4595K, committed 4608K, reserved 1048576K
}

